INFO: Instance created
INFO: Started image capturing process
DEBUG: Captured image successfully!
DEBUG: Extracted number: 1399886376045958162881095557437265300548752526119764068360900122276740963023555172521643367376392165724051970492973667014167744588309916512266847454307882
DEBUG: Generated prime number: 1399886376045958162881095557437265300548752526119764068360900122276740963023555172521643367376392165724051970492973667014167744588309916512266847454308013
INFO:INFO: Started image capturing process
DEBUG: Captured image successfully!
DEBUG: Extracted number: 58359820941045750771442580298180840686
INFO: Started image capturing process
DEBUG: Captured image successfully!
DEBUG: Extracted number: 66110602429781552509977653637532146776
INFO: Started image capturing process
DEBUG: Captured image successfully!
DEBUG: Extracted number: 61378833121854158345056199164550818835
INFO: Started image capturing process
DEBUG: Captured image successfully!
DEBUG: Extracted number: 105059119932640192657562877513096347429
INFO: Started image capturing process
INFO: Started image capturing process
DEBUG: Captured image successfully!
DEBUG: Extracted number: 57268931243626397417650440956748571469

DEBUG: Captured image successfully!
DEBUG: Extracted number: 165756812439094391442819766310786267723
INFO: Started image capturing process
DEBUG: Captured image successfully!
DEBUG: Extracted number: 182936993100370187081309109872827148988
INFO: Started image capturing process
DEBUG: Captured image successfully!
DEBUG: Extracted number: 285985391022701990187498972107956523060
6966624197284466606410308755112004
INFO: Started image capturing process
DEBUG: Captured image successfully!
DEBUG: Extracted number: 124156135136587686311530125226905021549
